[    0.000000] Initializing cgroup subsys cpuset
[    0.000000] Initializing cgroup subsys cpu
[    0.000000] Initializing cgroup subsys cpuacct
[    0.000000] Linux version 4.4.0-194-generic (buildd@lcy01-amd64-020) (gcc version 5.4.0 20160609 (Ubuntu 5.4.0-6ubuntu1~16.04.12) ) #226-Ubuntu SMP Wed Oct 21 10:19:36 UTC 2020 (Ubuntu 4.4.0-194.226-generic 4.4.236)
[    0.000000] Command line: BOOT_IMAGE=/boot/vmlinuz-4.4.0-194-generic root=LABEL=cloudimg-rootfs ro console=tty1 console=ttyS0
[    0.000000] KERNEL supported cpus:
[    0.000000]   Intel GenuineIntel
[    0.000000]   AMD AuthenticAMD
[    0.000000]   Centaur CentaurHauls
[    0.000000] x86/fpu: xstate_offset[2]:  576, xstate_sizes[2]:  256
[    0.000000] x86/fpu: Supporting XSAVE feature 0x01: 'x87 floating point registers'
[    0.000000] x86/fpu: Supporting XSAVE feature 0x02: 'SSE registers'
[    0.000000] x86/fpu: Supporting XSAVE feature 0x04: 'AVX registers'
[    0.000000] x86/fpu: Enabled xstate features 0x7, context size is 832 bytes, using 'standard' format.
[    0.000000] e820: BIOS-provided physical RAM map:
[    0.000000] BIOS-e820: [mem 0x0000000000000000-0x000000000009fbff] usable
[    0.000000] BIOS-e820: [mem 0x000000000009fc00-0x000000000009ffff] reserved
[    0.000000] BIOS-e820: [mem 0x00000000000f0000-0x00000000000fffff] reserved
[    0.000000] BIOS-e820: [mem 0x0000000000100000-0x000000003ffeffff] usable
[    0.000000] BIOS-e820: [mem 0x000000003fff0000-0x000000003fffffff] ACPI data
[    0.000000] BIOS-e820: [mem 0x00000000fec00000-0x00000000fec00fff] reserved
[    0.000000] BIOS-e820: [mem 0x00000000fee00000-0x00000000fee00fff] reserved
[    0.000000] BIOS-e820: [mem 0x00000000fffc0000-0x00000000ffffffff] reserved
[    0.000000] NX (Execute Disable) protection: active
[    0.000000] SMBIOS 2.5 present.
[    0.000000] Hypervisor detected: KVM
[    0.000000] e820: last_pfn = 0x3fff0 max_arch_pfn = 0x400000000
[    0.000000] MTRR: Disabled
[    0.000000] x86/PAT: MTRRs disabled, skipping PAT initialization too.
[    0.000000] CPU MTRRs all blank - virtualized system.
[    0.000000] x86/PAT: Configuration [0-7]: WB  WT  UC- UC  WB  WT  UC- UC  
[    0.000000] found SMP MP-table at [mem 0x0009fff0-0x0009ffff] mapped at [ffff88000009fff0]
[    0.000000] Scanning 1 areas for low memory corruption
[    0.000000] RAMDISK: [mem 0x362e0000-0x37167fff]
[    0.000000] ACPI: Early table checksum verification disabled
[    0.000000] ACPI: RSDP 0x00000000000E0000 000024 (v02 VBOX  )
[    0.000000] ACPI: XSDT 0x000000003FFF0030 00003C (v01 VBOX   VBOXXSDT 00000001 ASL  00000061)
[    0.000000] ACPI: FACP 0x000000003FFF00F0 0000F4 (v04 VBOX   VBOXFACP 00000001 ASL  00000061)
[    0.000000] ACPI: DSDT 0x000000003FFF0470 002325 (v02 VBOX   VBOXBIOS 00000002 INTL 20100528)
[    0.000000] ACPI: FACS 0x000000003FFF0200 000040
[    0.000000] ACPI: FACS 0x000000003FFF0200 000040
[    0.000000] ACPI: APIC 0x000000003FFF0240 00005C (v02 VBOX   VBOXAPIC 00000001 ASL  00000061)
[    0.000000] ACPI: SSDT 0x000000003FFF02A0 0001CC (v01 VBOX   VBOXCPUT 00000002 INTL 20100528)
[    0.000000] No NUMA configuration found
[    0.000000] Faking a node at [mem 0x0000000000000000-0x000000003ffeffff]
[    0.000000] NODE_DATA(0) allocated [mem 0x3ffeb000-0x3ffeffff]
[    0.000000] kvm-clock: Using msrs 4b564d01 and 4b564d00
[    0.000000] kvm-clock: cpu 0, msr 0:3ffe3001, primary cpu clock
[    0.000000] kvm-clock: using sched offset of 3475626615 cycles
[    0.000000] clocksource: kvm-clock: mask: 0xffffffffffffffff max_cycles: 0x1cd42e4dffb, max_idle_ns: 881590591483 ns
[    0.000000] Zone ranges:
[    0.000000]   DMA      [mem 0x0000000000001000-0x0000000000ffffff]
[    0.000000]   DMA32    [mem 0x0000000001000000-0x000000003ffeffff]
[    0.000000]   Normal   empty
[    0.000000]   Device   empty
[    0.000000] Movable zone start for each node
[    0.000000] Early memory node ranges
[    0.000000]   node   0: [mem 0x0000000000001000-0x000000000009efff]
[    0.000000]   node   0: [mem 0x0000000000100000-0x000000003ffeffff]
[    0.000000] Initmem setup node 0 [mem 0x0000000000001000-0x000000003ffeffff]
[    0.000000] ACPI: PM-Timer IO Port: 0x4008
[    0.000000] IOAPIC[0]: apic_id 2, version 32, address 0xfec00000, GSI 0-23
[    0.000000] ACPI: INT_SRC_OVR (bus 0 bus_irq 0 global_irq 2 dfl dfl)
[    0.000000] ACPI: INT_SRC_OVR (bus 0 bus_irq 9 global_irq 9 low level)
[    0.000000] Using ACPI (MADT) for SMP configuration information
[    0.000000] smpboot: Allowing 2 CPUs, 0 hotplug CPUs
[    0.000000] PM: Registered nosave memory: [mem 0x00000000-0x00000fff]
[    0.000000] PM: Registered nosave memory: [mem 0x0009f000-0x0009ffff]
[    0.000000] PM: Registered nosave memory: [mem 0x000a0000-0x000effff]
[    0.000000] PM: Registered nosave memory: [mem 0x000f0000-0x000fffff]
[    0.000000] e820: [mem 0x40000000-0xfebfffff] available for PCI devices
[    0.000000] Booting paravirtualized kernel on KVM
[    0.000000] clocksource: refined-jiffies: mask: 0xffffffff max_cycles: 0xffffffff, max_idle_ns: 7645519600211568 ns
[    0.000000] setup_percpu: NR_CPUS:512 nr_cpumask_bits:512 nr_cpu_ids:2 nr_node_ids:1
[    0.000000] PERCPU: Embedded 33 pages/cpu @ffff88003fc00000 s95512 r8192 d31464 u1048576
[    0.000000] Built 1 zonelists in Node order, mobility grouping on.  Total pages: 257912
[    0.000000] Policy zone: DMA32
[    0.000000] Kernel command line: BOOT_IMAGE=/boot/vmlinuz-4.4.0-194-generic root=LABEL=cloudimg-rootfs ro console=tty1 console=ttyS0
[    0.000000] PID hash table entries: 4096 (order: 3, 32768 bytes)
[    0.000000] Memory: 997664K/1048120K available (8640K kernel code, 1337K rwdata, 4040K rodata, 1492K init, 1296K bss, 50456K reserved, 0K cma-reserved)
[    0.000000] SLUB: HWalign=64, Order=0-3, MinObjects=0, CPUs=2, Nodes=1
[    0.000000] Kernel/User page tables isolation: enabled
[    0.000000] Hierarchical RCU implementation.
[    0.000000] 	Build-time adjustment of leaf fanout to 64.
[    0.000000] 	RCU restricting CPUs from NR_CPUS=512 to nr_cpu_ids=2.
[    0.000000] RCU: Adjusting geometry for rcu_fanout_leaf=64, nr_cpu_ids=2
[    0.000000] NR_IRQS:33024 nr_irqs:440 16
[    0.000000] Console: colour VGA+ 80x25
[    0.000000] console [tty1] enabled
[    0.000000] console [ttyS0] enabled
[    0.000000] tsc: Detected 1800.001 MHz processor
[    0.125008] Calibrating delay loop (skipped) preset value.. 3600.00 BogoMIPS (lpj=7200004)
[    0.126680] pid_max: default: 32768 minimum: 301
[    0.127542] ACPI: Core revision 20150930
[    0.129091] ACPI: 2 ACPI AML tables successfully acquired and loaded
[    0.130407] Security Framework initialized
[    0.131204] Yama: becoming mindful.
[    0.131921] AppArmor: AppArmor initialized
[    0.132775] Dentry cache hash table entries: 131072 (order: 8, 1048576 bytes)
[    0.135157] Inode-cache hash table entries: 65536 (order: 7, 524288 bytes)
[    0.136390] Mount-cache hash table entries: 2048 (order: 2, 16384 bytes)
[    0.137516] Mountpoint-cache hash table entries: 2048 (order: 2, 16384 bytes)
[    0.138794] Initializing cgroup subsys io
[    0.139561] Initializing cgroup subsys memory
[    0.140372] Initializing cgroup subsys devices
[    0.141229] Initializing cgroup subsys freezer
[    0.142067] Initializing cgroup subsys net_cls
[    0.142899] Initializing cgroup subsys perf_event
[    0.143772] Initializing cgroup subsys net_prio
[    0.144608] Initializing cgroup subsys hugetlb
[    0.145447] Initializing cgroup subsys pids
[    0.147358] mce: CPU supports 0 MCE banks
[    0.148153] Last level iTLB entries: 4KB 64, 2MB 8, 4MB 8
[    0.149173] Last level dTLB entries: 4KB 64, 2MB 0, 4MB 0, 1GB 4
[    0.150207] Spectre V1 : Mitigation: usercopy/swapgs barriers and __user pointer sanitization
[    0.151858] Spectre V2 : Mitigation: Full generic retpoline
[    0.152899] Spectre V2 : Spectre v2 / SpectreRSB mitigation: Filling RSB on context switch
[    0.154399] Speculative Store Bypass: Vulnerable
[    0.155239] SRBDS: Unknown: Dependent on hypervisor status
[    0.156326] MDS: Mitigation: Clear CPU buffers
[    0.159774] Freeing SMP alternatives memory: 36K
[    0.166535] ftrace: allocating 32346 entries in 127 pages
[    0.223234] smpboot: APIC(0) Converting physical 0 to logical package 0
[    0.224392] smpboot: Max logical packages: 1
[    0.225454] x2apic enabled
[    0.226277] Switched APIC routing to physical x2apic.
[    0.228206] ..TIMER: vector=0x30 apic1=0 pin1=2 apic2=-1 pin2=-1
[    0.337415] smpboot: CPU0: Intel(R) Core(TM) i5-8250U CPU @ 1.60GHz (family: 0x6, model: 0x8e, stepping: 0xa)
[    0.339614] Performance Events: unsupported p6 CPU model 142 no PMU driver, software events only.
[    0.349783] KVM setup paravirtual spinlock
[    0.351249] x86: Booting SMP configuration:
[    0.352083] .... node  #0, CPUs:      #1
[    0.353006] kvm-clock: cpu 1, msr 0:3ffe3041, secondary cpu clock
[    0.354917] mce: CPU supports 0 MCE banks
[    0.357439] x86: Booted up 1 node, 2 CPUs
[    0.358408] smpboot: Total of 2 processors activated (7200.00 BogoMIPS)
[    0.359955] devtmpfs: initialized
[    0.362282] evm: security.selinux
[    0.362998] evm: security.SMACK64
[    0.363711] evm: security.SMACK64EXEC
[    0.364476] evm: security.SMACK64TRANSMUTE
[    0.365296] evm: security.SMACK64MMAP
[    0.366121] evm: security.ima
[    0.366796] evm: security.capability
[    0.367688] clocksource: jiffies: mask: 0xffffffff max_cycles: 0xffffffff, max_idle_ns: 7645041785100000 ns
[    0.369489] futex hash table entries: 512 (order: 3, 32768 bytes)
[    0.370670] pinctrl core: initialized pinctrl subsystem
[    0.371718] RTC time: 18:44:27, date: 11/21/20
[    0.372742] NET: Registered protocol family 16
[    0.384903] cpuidle: using governor ladder
[    0.399005] cpuidle: using governor menu
[    0.399893] PCCT header not found.
[    0.400717] ACPI: bus type PCI registered
[    0.401607] acpiphp: ACPI Hot Plug PCI Controller Driver version: 0.5
[    0.402817] PCI: Using configuration type 1 for base access
[    0.413858] ACPI: Added _OSI(Module Device)
[    0.414699] ACPI: Added _OSI(Processor Device)
[    0.415566] ACPI: Added _OSI(3.0 _SCP Extensions)
[    0.416471] ACPI: Added _OSI(Processor Aggregator Device)
[    0.418275] ACPI: Executed 1 blocks of module-level executable AML code
[    0.421340] ACPI: Interpreter enabled
[    0.422129] ACPI: (supports S0 S5)
[    0.422863] ACPI: Using IOAPIC for interrupt routing
[    0.423911] PCI: Using host bridge windows from ACPI; if necessary, use "pci=nocrs" and report a bug
[    0.428621] ACPI: PCI Root Bridge [PCI0] (domain 0000 [bus 00-ff])
[    0.429793] acpi PNP0A03:00: _OSC: OS supports [ASPM ClockPM Segments MSI]
[    0.431222] acpi PNP0A03:00: _OSC: not requesting OS control; OS requires [ExtendedConfig ASPM ClockPM MSI]
[    0.433043] acpi PNP0A03:00: fail to add MMCONFIG information, can't access extended PCI configuration space under this bridge.
[    0.435403] PCI host bridge to bus 0000:00
[    0.436219] pci_bus 0000:00: root bus resource [io  0x0000-0x0cf7 window]
[    0.437546] pci_bus 0000:00: root bus resource [io  0x0d00-0xffff window]
[    0.438717] pci_bus 0000:00: root bus resource [mem 0x000a0000-0x000bffff window]
[    0.440159] pci_bus 0000:00: root bus resource [mem 0x40000000-0xfdffffff window]
[    0.441776] pci_bus 0000:00: root bus resource [bus 00-ff]
[    0.444334] pci 0000:00:01.1: legacy IDE quirk: reg 0x10: [io  0x01f0-0x01f7]
[    0.445611] pci 0000:00:01.1: legacy IDE quirk: reg 0x14: [io  0x03f6]
[    0.446753] pci 0000:00:01.1: legacy IDE quirk: reg 0x18: [io  0x0170-0x0177]
[    0.456574] pci 0000:00:01.1: legacy IDE quirk: reg 0x1c: [io  0x0376]
[    0.468018] pci 0000:00:07.0: quirk: [io  0x4000-0x403f] claimed by PIIX4 ACPI
[    0.469529] pci 0000:00:07.0: quirk: [io  0x4100-0x410f] claimed by PIIX4 SMB
[    0.476729] ACPI: PCI Interrupt Link [LNKA] (IRQs 5 9 10 *11)
[    0.478677] ACPI: PCI Interrupt Link [LNKB] (IRQs 5 9 *10 11)
[    0.480502] ACPI: PCI Interrupt Link [LNKC] (IRQs 5 *9 10 11)
[    0.482357] ACPI: PCI Interrupt Link [LNKD] (IRQs 5 9 10 *11)
[    0.484210] ACPI: Enabled 2 GPEs in block 00 to 07
[    0.485585] vgaarb: setting as boot device: PCI:0000:00:02.0
[    0.486611] vgaarb: device added: PCI:0000:00:02.0,decodes=io+mem,owns=io+mem,locks=none
[    0.488184] vgaarb: loaded
[    0.488822] vgaarb: bridge control possible 0000:00:02.0
[    0.489995] SCSI subsystem initialized
[    0.490853] ACPI: bus type USB registered
[    0.491679] usbcore: registered new interface driver usbfs
[    0.492795] usbcore: registered new interface driver hub
[    0.493838] usbcore: registered new device driver usb
[    0.494978] PCI: Using ACPI for IRQ routing
[    0.496660] NetLabel: Initializing
[    0.497430] NetLabel:  domain hash size = 128
[    0.498289] NetLabel:  protocols = UNLABELED CIPSOv4
[    0.499283] NetLabel:  unlabeled traffic allowed by default
[    0.500438] amd_nb: Cannot enumerate AMD northbridges
[    0.501508] clocksource: Switched to clocksource kvm-clock
[    0.508004] AppArmor: AppArmor Filesystem Enabled
[    0.508989] pnp: PnP ACPI init
[    0.510355] pnp: PnP ACPI: found 3 devices
[    0.519914] clocksource: acpi_pm: mask: 0xffffff max_cycles: 0xffffff, max_idle_ns: 2085701024 ns
[    0.521576] NET: Registered protocol family 2
[    0.522561] TCP established hash table entries: 8192 (order: 4, 65536 bytes)
[    0.523816] TCP bind hash table entries: 8192 (order: 5, 131072 bytes)
[    0.525019] TCP: Hash tables configured (established 8192 bind 8192)
[    0.526210] UDP hash table entries: 512 (order: 2, 16384 bytes)
[    0.527277] UDP-Lite hash table entries: 512 (order: 2, 16384 bytes)
[    0.528421] NET: Registered protocol family 1
[    0.529287] pci 0000:00:00.0: Limiting direct PCI/PCI transfers
[    0.530433] pci 0000:00:01.0: Activating ISA DMA hang workarounds
[    0.531630] Unpacking initramfs...
[    0.765605] Freeing initrd memory: 14880K
[    0.766612] clocksource: tsc: mask: 0xffffffffffffffff max_cycles: 0x19f22aa45f0, max_idle_ns: 440795269146 ns
[    0.768423] platform rtc_cmos: registered platform RTC device (no PNP device found)
[    0.769914] Scanning for low memory corruption every 60 seconds
[    0.771415] audit: initializing netlink subsys (disabled)
[    0.772464] audit: type=2000 audit(1605984272.852:1): initialized
[    0.773760] Initialise system trusted keyring
[    0.774848] HugeTLB registered 2 MB page size, pre-allocated 0 pages
[    0.777013] zbud: loaded
[    0.777970] VFS: Disk quotas dquot_6.6.0
[    0.778801] VFS: Dquot-cache hash table entries: 512 (order 0, 4096 bytes)
[    0.780216] squashfs: version 4.0 (2009/01/31) Phillip Lougher
[    0.781615] fuse init (API version 7.23)
[    0.782584] Key type big_key registered
[    0.783417] Allocating IMA MOK and blacklist keyrings.
[    0.786494] Key type asymmetric registered
[    0.787334] Asymmetric key parser 'x509' registered
[    0.788278] Block layer SCSI generic (bsg) driver version 0.4 loaded (major 249)
[    0.789831] io scheduler noop registered
[    0.790632] io scheduler deadline registered (default)
[    0.791601] io scheduler cfq registered
[    0.792456] pci_hotplug: PCI Hot Plug PCI Core version: 0.5
[    0.793561] pciehp: PCI Express Hot Plug Controller Driver version: 0.4
[    0.794820] ACPI: AC Adapter [AC] (on-line)
[    0.795701] input: Power Button as /devices/LNXSYSTM:00/LNXPWRBN:00/input/input0
[    0.797131] ACPI: Power Button [PWRF]
[    0.798097] input: Sleep Button as /devices/LNXSYSTM:00/LNXSLPBN:00/input/input1
[    0.799523] ACPI: Sleep Button [SLPF]
[    0.800489] GHES: HEST is not enabled!
[    0.801027] ACPI: Battery Slot [BAT0] (battery present)
[    0.802588] Serial: 8250/16550 driver, 32 ports, IRQ sharing enabled
[    0.824208] 00:02: ttyS0 at I/O 0x3f8 (irq = 4, base_baud = 115200) is a 16550A
[    0.828253] Linux agpgart interface v0.103
[    0.830467] loop: module loaded
[    0.831633] scsi host0: ata_piix
[    0.832441] scsi host1: ata_piix
[    0.833180] ata1: PATA max UDMA/33 cmd 0x1f0 ctl 0x3f6 bmdma 0xd000 irq 14
[    0.834430] ata2: PATA max UDMA/33 cmd 0x170 ctl 0x376 bmdma 0xd008 irq 15
[    0.835881] libphy: Fixed MDIO Bus: probed
[    0.836710] tun: Universal TUN/TAP device driver, 1.6
[    0.837676] tun: (C) 1999-2004 Max Krasnyansky <maxk@qualcomm.com>
[    0.838944] PPP generic driver version 2.4.2
[    0.839908] ehci_hcd: USB 2.0 'Enhanced' Host Controller (EHCI) Driver
[    0.841049] ehci-pci: EHCI PCI platform driver
[    0.842013] ehci-platform: EHCI generic platform driver
[    0.842987] ohci_hcd: USB 1.1 'Open' Host Controller (OHCI) Driver
[    0.844081] ohci-pci: OHCI PCI platform driver
[    0.844952] ohci-platform: OHCI generic platform driver
[    0.846065] uhci_hcd: USB Universal Host Controller Interface driver
[    0.847241] i8042: PNP: PS/2 Controller [PNP0303:PS2K,PNP0f03:PS2M] at 0x60,0x64 irq 1,12
[    0.849349] serio: i8042 KBD port at 0x60,0x64 irq 1
[    0.850505] serio: i8042 AUX port at 0x60,0x64 irq 12
[    0.851627] mousedev: PS/2 mouse device common for all mice
[    0.852854] input: AT Translated Set 2 keyboard as /devices/platform/i8042/serio0/input/input2
[    0.854696] rtc_cmos rtc_cmos: rtc core: registered rtc_cmos as rtc0
[    0.855736] rtc_cmos rtc_cmos: alarms up to one day, 114 bytes nvram
[    0.856745] i2c /dev entries driver
[    0.857431] device-mapper: uevent: version 1.0.3
[    0.858392] device-mapper: ioctl: 4.34.0-ioctl (2015-10-28) initialised: dm-devel@redhat.com
[    0.859837] ledtrig-cpu: registered to indicate activity on CPUs
[    0.861159] NET: Registered protocol family 10
[    0.862113] NET: Registered protocol family 17
[    0.862898] Key type dns_resolver registered
[    0.864123] registered taskstats version 1
[    0.864979] Loading compiled-in X.509 certificates
[    0.866333] Loaded X.509 cert 'Build time autogenerated kernel key: 12717d7bded22cc9f4c9021cf049cb5c0a2cb7b0'
[    0.868425] zswap: loaded using pool lzo/zbud
[    0.871104] Key type trusted registered
[    0.874887] Key type encrypted registered
[    0.875691] AppArmor: AppArmor sha1 policy hashing enabled
[    0.876677] ima: No TPM chip found, activating TPM-bypass!
[    0.877748] ima: Allocated hash algorithm: sha1
[    0.878675] evm: HMAC attrs: 0x1
[    0.879716]   Magic number: 12:204:747
[    0.880711] rtc_cmos rtc_cmos: setting system clock to 2020-11-21 18:44:28 UTC (1605984268)
[    0.882516] BIOS EDD facility v0.16 2004-Jun-25, 0 devices found
[    0.883982] EDD information not available.
[    1.058541] Freeing unused kernel memory: 1492K
[    1.059420] Write protecting the kernel read-only data: 14336k
[    1.060890] Freeing unused kernel memory: 1588K
[    1.061929] Freeing unused kernel memory: 56K
Loading, please wait...
starting version 229
[    1.074671] random: systemd-udevd: uninitialized urandom read (16 bytes read, 3 bits of entropy available)
[    1.075132] random: udevadm: uninitialized urandom read (16 bytes read, 3 bits of entropy available)
[    1.075147] random: udevadm: uninitialized urandom read (16 bytes read, 3 bits of entropy available)
[    1.079948] random: systemd-udevd: uninitialized urandom read (16 bytes read, 3 bits of entropy available)
[    1.081562] random: udevadm: uninitialized urandom read (16 bytes read, 3 bits of entropy available)
[    1.081598] random: udevadm: uninitialized urandom read (16 bytes read, 3 bits of entropy available)
[    1.081710] random: udevadm: uninitialized urandom read (16 bytes read, 3 bits of entropy available)
[    1.081751] random: udevadm: uninitialized urandom read (16 bytes read, 3 bits of entropy available)
[    1.081790] random: udevadm: uninitialized urandom read (16 bytes read, 3 bits of entropy available)
[    1.081832] random: udevadm: uninitialized urandom read (16 bytes read, 3 bits of entropy available)
[    1.115816] e1000: Intel(R) PRO/1000 Network Driver - version 7.3.21-k8-NAPI
[    1.117112] e1000: Copyright (c) 1999-2006 Intel Corporation.
[    1.120243] Fusion MPT base driver 3.04.20
[    1.121053] Copyright (c) 1999-2008 LSI Corporation
[    1.125120] Fusion MPT SPI Host driver 3.04.20
[    1.136618] AVX2 version of gcm_enc/dec engaged.
[    1.137555] AES CTR mode by8 optimization enabled
[    1.346286] input: ImExPS/2 Generic Explorer Mouse as /devices/platform/i8042/serio1/input/input4
[    1.537672] e1000 0000:00:03.0 eth0: (PCI:33MHz:32-bit) 02:e0:65:d0:24:0e
[    1.539105] e1000 0000:00:03.0 eth0: Intel(R) PRO/1000 Network Connection
[    1.540993] mptbase: ioc0: Initiating bringup
[    2.618366] ioc0: LSI53C1030 A0: Capabilities={Initiator}
[    4.712514] scsi host2: ioc0: LSI53C1030 A0, FwRev=00000000h, Ports=1, MaxQ=256, IRQ=20
[    6.835971] scsi 2:0:0:0: Direct-Access     VBOX     HARDDISK         1.0  PQ: 0 ANSI: 5
[    6.838060] scsi target2:0:0: Beginning Domain Validation
[    6.842247] scsi target2:0:0: Domain Validation skipping write tests
[    6.843578] scsi target2:0:0: Ending Domain Validation
[    6.844678] scsi target2:0:0: asynchronous
[    6.846492] scsi 2:0:1:0: Direct-Access     VBOX     HARDDISK         1.0  PQ: 0 ANSI: 5
[    6.848007] scsi target2:0:1: Beginning Domain Validation
[    6.851524] scsi target2:0:1: Domain Validation skipping write tests
[    6.852856] scsi target2:0:1: Ending Domain Validation
[    6.854076] scsi target2:0:1: asynchronous
[    6.934310] sd 2:0:0:0: Attached scsi generic sg0 type 0
[    6.935708] sd 2:0:0:0: [sda] 20971520 512-byte logical blocks: (10.7 GB/10.0 GiB)
[    6.937572] sd 2:0:1:0: Attached scsi generic sg1 type 0
[    6.938608] sd 2:0:1:0: [sdb] 20480 512-byte logical blocks: (10.5 MB/10.0 MiB)
[    6.940696] sd 2:0:0:0: [sda] Write Protect is off
[    6.941719] sd 2:0:1:0: [sdb] Write Protect is off
[    6.942917] sd 2:0:1:0: [sdb] Incomplete mode parameter data
[    6.943968] sd 2:0:1:0: [sdb] Assuming drive cache: write through
[    6.945080] sd 2:0:0:0: [sda] Incomplete mode parameter data
[    6.946309] sd 2:0:0:0: [sda] Assuming drive cache: write through
[    6.949280]  sda: sda1
[    6.952171] sd 2:0:0:0: [sda] Attached SCSI disk
[    6.953670] sd 2:0:1:0: [sdb] Attached SCSI disk
[    7.511231] e1000 0000:00:08.0 eth1: (PCI:33MHz:32-bit) 08:00:27:54:d8:d3
[    7.512671] e1000 0000:00:08.0 eth1: Intel(R) PRO/1000 Network Connection
[    7.514800] e1000 0000:00:03.0 enp0s3: renamed from eth0
[    7.526676] e1000 0000:00:08.0 enp0s8: renamed from eth1
Begin: Loading essential drivers ... [    8.909833] md: linear personality registered for level -1
[    8.912857] md: multipath personality registered for level -4
[    8.916406] md: raid0 personality registered for level 0
[    8.921837] md: raid1 personality registered for level 1
[    8.993816] raid6: sse2x1   gen() 11703 MB/s
[    9.061649] raid6: sse2x1   xor()  8787 MB/s
[    9.129972] raid6: sse2x2   gen() 14519 MB/s
[    9.197861] raid6: sse2x2   xor()  9901 MB/s
[    9.265736] raid6: sse2x4   gen() 16188 MB/s
[    9.333520] raid6: sse2x4   xor() 10873 MB/s
[    9.401841] raid6: avx2x1   gen() 23067 MB/s
[    9.469670] raid6: avx2x2   gen() 24821 MB/s
[    9.537538] raid6: avx2x4   gen() 29333 MB/s
[    9.538387] raid6: using algorithm avx2x4 gen() 29333 MB/s
[    9.539381] raid6: using avx2x2 recovery algorithm
[    9.541442] xor: automatically using best checksumming function:
[    9.581962]    avx       : 30149.000 MB/sec
[    9.583949] async_tx: api initialized (async)
[    9.594008] md: raid6 personality registered for level 6
[    9.595097] md: raid5 personality registered for level 5
[    9.596098] md: raid4 personality registered for level 4
[    9.603067] md: raid10 personality registered for level 10
done.
Begin: Running /scripts/init-premount ... done.
Begin: Mounting root file system ... Begin: Running /scripts/local-top ... done.
Begin: Running /scripts/local-premount ... [    9.629470] Btrfs loaded
Scanning for Btrfs filesystems
done.
Warning: fsck not present, so skipping root file system
[    9.692029] EXT4-fs (sda1): mounted filesystem with ordered data mode. Opts: (null)
done.
Begin: Running /scripts/local-bottom ... done.
Begin: Running /scripts/init-bottom ... done.
[    9.834190] systemd[1]: systemd 229 running in system mode. (+PAM +AUDIT +SELINUX +IMA +APPARMOR +SMACK +SYSVINIT +UTMP +LIBCRYPTSETUP +GCRYPT +GNUTLS +ACL +XZ -LZ4 +SECCOMP +BLKID +ELFUTILS +KMOD -IDN)
[    9.837368] systemd[1]: Detected virtualization oracle.
[    9.838422] systemd[1]: Detected architecture x86-64.

Welcome to [1mUbuntu 16.04.7 LTS[0m!

[    9.851236] systemd[1]: Set hostname to <ubuntu-xenial>.
[   10.030151] systemd[1]: Listening on LVM2 metadata daemon socket.
[[0;32m  OK  [0m] Listening on LVM2 metadata daemon socket.
[   10.038172] systemd[1]: Reached target Encrypted Volumes.
[[0;32m  OK  [0m] Reached target Encrypted Volumes.
[   10.046610] systemd[1]: Reached target User and Group Name Lookups.
[[0;32m  OK  [0m] Reached target User and Group Name Lookups.
[   10.048559] systemd[1]: Listening on LVM2 poll daemon socket.
[[0;32m  OK  [0m] Listening on LVM2 poll daemon socket.
[   10.058098] systemd[1]: Started Forward Password Requests to Wall Directory Watch.
[[0;32m  OK  [0m] Started Forward Password Requests to Wall Directory Watch.
[   10.066135] systemd[1]: Created slice System Slice.
[[0;32m  OK  [0m] Created slice System Slice.
[   10.074311] systemd[1]: Listening on udev Control Socket.
[[0;32m  OK  [0m] Listening on udev Control Socket.
[   10.082498] systemd[1]: Listening on udev Kernel Socket.
[[0;32m  OK  [0m] Listening on udev Kernel Socket.
[   10.089833] systemd[1]: Listening on Syslog Socket.
[[0;32m  OK  [0m] Listening on Syslog Socket.
[   10.098198] systemd[1]: Reached target Swap.
[[0;32m  OK  [0m] Reached target Swap.
[   10.105846] systemd[1]: Reached target System Time Synchronized.
[[0;32m  OK  [0m] Reached target System Time Synchronized.
[   10.113744] systemd[1]: Listening on Journal Socket.
[[0;32m  OK  [0m] Listening on Journal Socket.
[   10.133862] systemd[1]: Starting Load Kernel Modules...
         Starting Load Kernel Modules...
[   10.142451] systemd[1]: Starting Create list of required static device nodes for the current kernel...
[   10.144513] Loading iSCSI transport class v2.0-870.
         Starting Create list of required st... nodes for the current kernel...
[   10.152018] iscsi: registered transport (tcp)
[   10.154321] systemd[1]: Mounting Huge Pages File System...
         Mounting Huge Pages File System...
[   10.162254] systemd[1]: Mounting Debug File System...
         Mounting Debug File System...
[   10.164434] systemd[1]: Starting Remount Root and Kernel File Systems...
         Starting Remount Root and Kernel File Systems...
[   10.166936] systemd[1]: Listening on Journal Socket (/dev/log).
[[0;32m  OK  [0m] Listening on Journal Socket (/dev/log).
[   10.169080] systemd[1]: Starting Set console keymap...
[   10.170285] EXT4-fs (sda1): re-mounted. Opts: (null)
         Starting Set console keymap...
[   10.172127] systemd[1]: Created slice system-serial\x2dgetty.slice.
[[0;32m  OK  [0m] Created slice system-serial\x2dgetty.slice.
[   10.175544] systemd[1]: Starting Nameserver information manager...
         Starting Nameserver information manager...
[   10.182580] systemd[1]: Mounting POSIX Message Queue File System...
         Mounting POSIX Message Queue File System...
[   10.187834] systemd[1]: Created slice User and Session Slice.
[[0;32m  OK  [0m] Created slice User and Session Slice.
[   10.189794] systemd[1]: Reached target Slices.
[[0;32m  OK  [0m] Reached target Slices.
[   10.191346] systemd[1]: Listening on Journal Audit Socket.
[[0;32m  OK  [0m] Listening on Journal Audit Socket.
[   10.193362] systemd[1]: Starting Journal Service...
         Starting Journal Service...
[   10.196488] iscsi: registered transport (iser)
[   10.205846] systemd[1]: Listening on Device-mapper event daemon FIFOs.
[[0;32m  OK  [0m] Listening on Device-mapper event daemon FIFOs.
[   10.233876] systemd[1]: Starting Monitoring of LVM2 mirrors, snapshots etc. using dmeventd or progress polling...
         Starting Monitoring of LVM2 mirrors... dmeventd or progress polling...
[   10.237270] systemd[1]: Starting Uncomplicated firewall...
         Starting Uncomplicated firewall...
[   10.239037] systemd[1]: Set up automount Arbitrary Executable File Formats File System Automount Point.
[[0;32m  OK  [0m] Set up automount Arbitrary Executab...ats File System Automount Point.
[   10.247552] systemd[1]: Listening on /dev/initctl Compatibility Named Pipe.
[[0;32m  OK  [0m] Listening on /dev/initctl Compatibility Named Pipe.
[   10.256343] systemd[1]: Started Trigger resolvconf update for networkd DNS.
[[0;32m  OK  [0m] Started Trigger resolvconf update for networkd DNS.
[   10.259412] systemd[1]: Mounted Huge Pages File System.
[[0;32m  OK  [0m] Mounted Huge Pages File System.
[   10.265702] systemd[1]: Mounted Debug File System.
[[0;32m  OK  [0m] Mounted Debug File System.
[   10.273716] systemd[1]: Mounted POSIX Message Queue File System.
[[0;32m  OK  [0m] Mounted POSIX Message Queue File System.
[   10.282404] systemd[1]: Started Journal Service.
[[0;32m  OK  [0m] Started Journal Service.
[[0;32m  OK  [0m] Started Load Kernel Modules.
[[0;32m  OK  [0m] Started Create list of required sta...ce nodes for the current kernel.
[[0;32m  OK  [0m] Started Remount Root and Kernel File Systems.
[[0;32m  OK  [0m] Started Set console keymap.
[[0;32m  OK  [0m] Started Uncomplicated firewall.
[[0;32m  OK  [0m] Started Nameserver information manager.
[[0;32m  OK  [0m] Started LVM2 metadata daemon.
         Starting udev Coldplug all Devices...
         Starting Load/Save Random Seed...
         Starting Create Static Device Nodes in /dev...
         Mounting FUSE Control File System...
         Starting Apply Kernel Variables...
[   10.395234] random: nonblocking pool is initialized
         Starting Flush Journal to Persistent Storage...
[[0;32m  OK  [0m] Mounted FUSE Control File System.
[[0;32m  OK  [0m] Started Load/Save Random Seed.
[[0;32m  OK  [0m] Started Create Static Device Nodes in /dev.
[[0;32m  OK  [0m] Started Apply Kernel Variables.
         Starting udev Kernel Device Manager...
[[0;32m  OK  [0m] Started Flush Journal to Persistent Storage.
[[0;32m  OK  [0m] Started udev Coldplug all Devices.
[[0;32m  OK  [0m] Started udev Kernel Device Manager.
[[0;32m  OK  [0m] Started Dispatch Password Requests to Console Directory Watch.
[[0;32m  OK  [0m] Found device /dev/ttyS0.
[[0;32m  OK  [0m] Listening on Load/Save RF Kill Switch Status /dev/rfkill Watch.
[[0;32m  OK  [0m] Found device 82540EM Gigabit Ethern...r (PRO/1000 MT Desktop Adapter).
[[0;32m  OK  [0m] Started Monitoring of LVM2 mirrors,...ng dmeventd or progress polling.
[[0;32m  OK  [0m] Reached target Local File Systems (Pre).
[[0;32m  OK  [0m] Reached target Local File Systems.
         Starting Initial cloud-init job (pre-networking)...
         Starting Set console font and keymap...
         Starting Create Volatile Files and Directories...
         Starting LSB: AppArmor initialization...
         Starting Tell Plymouth To Write Out Runtime Data...
[[0;32m  OK  [0m] Started Create Volatile Files and Directories.
[[0;32m  OK  [0m] Started Tell Plymouth To Write Out Runtime Data.
         Starting Update UTMP about System Boot/Shutdown...
[[0;32m  OK  [0m] Started Update UTMP about System Boot/Shutdown.
[[0;32m  OK  [0m] Started Set console font and keymap.
[[0;32m  OK  [0m] Created slice system-getty.slice.
[[0;32m  OK  [0m] Started LSB: AppArmor initialization.
         Starting Load AppArmor profiles managed internally by snapd...
[[0;32m  OK  [0m] Started Load AppArmor profiles managed internally by snapd.
[   11.945568] cloud-init[620]: Cloud-init v. 20.3-2-g371b392c-0ubuntu1~16.04.1 running 'init-local' at Sat, 21 Nov 2020 18:44:39 +0000. Up 11.68 seconds.
[[0;32m  OK  [0m] Started Initial cloud-init job (pre-networking).
[[0;32m  OK  [0m] Reached target Network (Pre).
[[0;32m  OK  [0m] Started ifup for enp0s3.
         Starting Raise network interfaces...
[[0;32m  OK  [0m] Started Raise network interfaces.
[[0;32m  OK  [0m] Reached target Network.
         Starting Initial cloud-init job (metadata service crawler)...
[   12.618129] cloud-init[993]: Cloud-init v. 20.3-2-g371b392c-0ubuntu1~16.04.1 running 'init' at Sat, 21 Nov 2020 18:44:40 +0000. Up 12.37 seconds.
[   12.624949] cloud-init[993]: ci-info: ++++++++++++++++++++++++++++++++++++++Net device info+++++++++++++++++++++++++++++++++++++++
[   12.632809] cloud-init[993]: ci-info: +--------+-------+----------------------------+---------------+--------+-------------------+
[   12.641029] cloud-init[993]: ci-info: | Device |   Up  |          Address           |      Mask     | Scope  |     Hw-Address    |
[   12.648306] cloud-init[993]: ci-info: +--------+-------+----------------------------+---------------+--------+-------------------+
[   12.656304] cloud-init[993]: ci-info: | enp0s3 |  True |         10.0.2.15          | 255.255.255.0 | global | 02:e0:65:d0:24:0e |
[   12.664640] cloud-init[993]: ci-info: | enp0s3 |  True | fe80::e0:65ff:fed0:240e/64 |       .       |  link  | 02:e0:65:d0:24:0e |
[   12.673016] cloud-init[993]: ci-info: | enp0s8 | False |             .              |       .       |   .    | 08:00:27:54:d8:d3 |
[[0;32m  OK  [0m] Started Initial cloud-init job (metadata service crawler).
[[0;32m  OK  [0m] Reached target System Initialization.
[   12.796884] cloud-init[993]: ci-info: |   lo   |  True |         127.0.0.1          |   255.0.0.0   |  host  |         .         |
[   13.080243] cloud-init[993]: ci-info: |   lo   |  True |          ::1/128           |       .       |  host  |         .         |
[   13.088785] cloud-init[993]: ci-info: +--------+-------+----------------------------+---------------+--------+-------------------+
[   13.337957] cloud-init[993]: ci-info: +++++++++++++++++++++++++++Route IPv4 info++++++++++++++++++++++++++++
[   13.350070] cloud-init[993]: ci-info: +-------+-------------+----------+---------------+-----------+-------+
[   13.458503] cloud-init[993]: ci-info: | Route | Destination | Gateway  |    Genmask    | Interface | Flags |
[   13.598986] cloud-init[993]: ci-info: +-------+-------------+----------+---------------+-----------+-------+
[   13.668126] cloud-init[993]: ci-info: |   0   |   0.0.0.0   | 10.0.2.2 |    0.0.0.0    |   enp0s3  |   UG  |
[   13.668527] cloud-init[993]: ci-info: |   1   |   10.0.2.0  | 0.0.0.0  | 255.255.255.0 |   enp0s3  |   U   |
[   13.668659] cloud-init[993]: ci-info: +-------+-------------+----------+---------------+-----------+-------+
[   13.668947] cloud-init[993]: ci-info: +++++++++++++++++++Route IPv6 info+++++++++++++++++++
[   13.669032] cloud-init[993]: ci-info: +-------+-------------+---------+-----------+-------+
[   13.669118] cloud-init[993]: ci-info: | Route | Destination | Gateway | Interface | Flags |
[   13.672343] cloud-init[993]: ci-info: +-------+-------------+---------+-----------+-------+
[   13.673274] cloud-init[993]: ci-info: |   0   |  fe80::/64  |    ::   |   enp0s3  |   U   |
[   13.674167] cloud-init[993]: ci-info: |   3   |   ff00::/8  |    ::   |   enp0s3  |   U   |
[   13.674738] cloud-init[993]: ci-info: +-------+-------------+---------+-----------+-------+
         Starting LXD - unix socket.
[[0;32m  OK  [0m] Started ACPI Events Check.
[[0;32m  OK  [0m] Reached target Paths.
[[0;32m  OK  [0m] Started Message of the Day.
         Starting Socket activation for snappy daemon.
[[0;32m  OK  [0m] Listening on UUID daemon activation socket.
[[0;32m  OK  [0m] Listening on ACPID Listen Socket.
[[0;32m  OK  [0m] Started Daily Cleanup of Temporary Directories.
[[0;32m  OK  [0m] Started Daily apt download activities.
[[0;32m  OK  [0m] Started Daily apt upgrade and clean activities.
[[0;32m  OK  [0m] Reached target Timers.
[[0;32m  OK  [0m] Listening on D-Bus System Message Bus Socket.
[[0;32m  OK  [0m] Reached target Cloud-config availability.
[[0;32m  OK  [0m] Reached target Network is Online.
         Starting iSCSI initiator daemon (iscsid)...
[[0;32m  OK  [0m] Listening on LXD - unix socket.
[[0;32m  OK  [0m] Listening on Socket activation for snappy daemon.
[[0;32m  OK  [0m] Reached target Sockets.
[[0;32m  OK  [0m] Reached target Basic System.
[[0;32m  OK  [0m] Started Regular background program processing daemon.
         Starting System Logging Service...
         Starting /etc/rc.local Compatibility...
[[0;32m  OK  [0m] Started ACPI event daemon.
         Starting Virtualbox guest utils...
[[0;32m  OK  [0m] Started FUSE filesystem for LXC.
[[0;32m  OK  [0m] Started D-Bus System Message Bus.
         Starting Login Service...
         Starting LSB: MD monitoring daemon...
[[0;32m  OK  [0m] Started Deferred execution scheduler.
         Starting Accounts Service...
         Starting OpenBSD Secure Shell server...
         Starting Snap Daemon...
         Starting LSB: Record successful boot for GRUB...
         Starting LXD - container startup/shutdown...
[[0;32m  OK  [0m] Started System Logging Service.
[[0;32m  OK  [0m] Started iSCSI initiator daemon (iscsid).
[[0;32m  OK  [0m] Started /etc/rc.local Compatibility.
         Starting Login to default iSCSI targets...
[[0;32m  OK  [0m] Started LSB: Record successful boot for GRUB.
[[0;32m  OK  [0m] Started OpenBSD Secure Shell server.
[[0;32m  OK  [0m] Started Login Service.
[[0;32m  OK  [0m] Started LSB: MD monitoring daemon.
         Starting Authenticate and Authorize Users to Run Privileged Tasks...
[[0;32m  OK  [0m] Started Unattended Upgrades Shutdown.
[[0;32m  OK  [0m] Started Authenticate and Authorize Users to Run Privileged Tasks.
[[0;32m  OK  [0m] Started Accounts Service.
[[0;32m  OK  [0m] Started Login to default iSCSI targets.
[[0;32m  OK  [0m] Reached target Remote File Systems (Pre).
[[0;32m  OK  [0m] Reached target Remote File Systems.
         Starting LSB: Set the CPU Frequency Scaling governor to "ondemand"...
         Starting LSB: daemon to balance interrupts for SMP systems...
         Starting LSB: automatic crash report generation...
         Starting Permit User Sessions...
[[0;32m  OK  [0m] Started Virtualbox guest utils.
[[0;32m  OK  [0m] Started Permit User Sessions.
[[0;32m  OK  [0m] Started LSB: Set the CPU Frequency Scaling governor to "ondemand".
[[0;32m  OK  [0m] Started LXD - container startup/shutdown.
         Starting Terminate Plymouth Boot Screen...
         Starting Hold until boot process finishes up...
[[0;32m  OK  [0m] Started LSB: daemon to balance interrupts for SMP systems.
[[0;32m  OK  [0m] Started LSB: automatic crash report generation.
[[0;32m  OK  [0m] Started Terminate Plymouth Boot Screen.
[[0;32m  OK  [0m] Started Hold until boot process finishes up.
         Starting Set console scheme...
[[0;32m  OK  [0m] Started Getty on tty1.
[[0;32m  OK  [0m] Started Serial Getty on ttyS0.
[[0;32m  OK  [0m] Reached target Login Prompts.
[[0;32m  OK  [0m] Started Set console scheme.
[[0;32m  OK  [0m] Started Snap Daemon.
         Starting Wait until snapd is fully seeded...
[[0;32m  OK  [0m] Started Wait until snapd is fully seeded.
         Starting Apply the settings specified in cloud-config...
[[0;32m  OK  [0m] Reached target Multi-User System.
[[0;32m  OK  [0m] Reached target Graphical Interface.
         Starting Update UTMP about System Runlevel Changes...
[[0;32m  OK  [0m] Started Update UTMP about System Runlevel Changes.
[   14.990113] cloud-init[1246]: Cloud-init v. 20.3-2-g371b392c-0ubuntu1~16.04.1 running 'modules:config' at Sat, 21 Nov 2020 18:44:42 +0000. Up 14.89 seconds.
[[0;32m  OK  [0m] Started Apply the settings specified in cloud-config.
         Starting Execute cloud user/final scripts...
[   15.344797] cloud-init[1258]: Cloud-init v. 20.3-2-g371b392c-0ubuntu1~16.04.1 running 'modules:final' at Sat, 21 Nov 2020 18:44:43 +0000. Up 15.25 seconds.
[   15.352514] cloud-init[1258]: Cloud-init v. 20.3-2-g371b392c-0ubuntu1~16.04.1 finished at Sat, 21 Nov 2020 18:44:43 +0000. Datasource DataSourceNoCloud [seed=/dev/sdb][dsmode=net].  Up 15.33 seconds
[[0;32m  OK  [0m] Started Execute cloud user/final scripts.
[[0;32m  OK  [0m] Reached target Cloud-init target.

Ubuntu 16.04.7 LTS ubuntu-xenial ttyS0

ubuntu-xenial login: [[0;32m  OK  [0m] Stopped target Graphical Interface.
         Stopping Accounts Service...
[[0;32m  OK  [0m] Closed Load/Save RF Kill Switch Status /dev/rfkill Watch.
         Stopping Authenticate and Authorize Users to Run Privileged Tasks...
[[0;32m  OK  [0m] Stopped target Cloud-init target.
         Stopping ACPI event daemon...
         Stopping Session 3 of user vagrant.
         Stopping User Manager for UID 1000...
[[0;32m  OK  [0m] Stopped target Timers.
[[0;32m  OK  [0m] Stopped Daily apt upgrade and clean activities.
[[0;32m  OK  [0m] Stopped Daily Cleanup of Temporary Directories.
[[0;32m  OK  [0m] Stopped Message of the Day.
[[0;32m  OK  [0m] Stopped Daily apt download activities.
[[0;32m  OK  [0m] Stopped target System Time Synchronized.
[[0;32m  OK  [0m] Stopped Execute cloud user/final scripts.
[[0;32m  OK  [0m] Stopped Apply the settings specified in cloud-config.
[[0;32m  OK  [0m] Stopped target Cloud-config availability.
[[0;32m  OK  [0m] Stopped target Multi-User System.
         Stopping D-Bus System Message Bus...
         Stopping Unattended Upgrades Shutdown...
         Stopping LSB: automatic crash report generation...
         Stopping System Logging Service...
         Stopping A high performance web server and a reverse proxy server...
[[0;32m  OK  [0m] Stopped target Login Prompts.
         Stopping Getty on tty1...
         Stopping Serial Getty on ttyS0...
         Stopping Virtualbox guest utils...
         Stopping LSB: Record successful boot for GRUB...
         Stopping LSB: MD monitoring daemon...
         Stopping Deferred execution scheduler...
         Stopping LSB: Set the CPU Frequency Scaling governor to "ondemand"...
         Stopping OpenBSD Secure Shell server...
[[0;32m  OK  [0m] Stopped Wait until snapd is fully seeded.
         Stopping FUSE filesystem for LXC...
         Stopping LXD - container startup/shutdown...
         Stopping Regular background program processing daemon...
         Stopping LSB: daemon to balance interrupts for SMP systems...
[[0;32m  OK  [0m] Unmounted /var/lib/lxcfs.
[[0;32m  OK  [0m] Stopped Regular background program processing daemon.
[[0;32m  OK  [0m] Stopped Deferred execution scheduler.
[[0;32m  OK  [0m] Stopped Accounts Service.
[[0;32m  OK  [0m] Stopped OpenBSD Secure Shell server.
[[0;32m  OK  [0m] Stopped Authenticate and Authorize Users to Run Privileged Tasks.
[[0;32m  OK  [0m] Stopped System Logging Service.
[[0;32m  OK  [0m] Stopped ACPI event daemon.
[[0;32m  OK  [0m] Stopped Unattended Upgrades Shutdown.
[[0;32m  OK  [0m] Stopped Getty on tty1.
[[0;32m  OK  [0m] Stopped Serial Getty on ttyS0.
[[0;32m  OK  [0m] Stopped User Manager for UID 1000.
[[0;32m  OK  [0m] Stopped Session 3 of user vagrant.
[[0;32m  OK  [0m] Stopped D-Bus System Message Bus.
[[0;32m  OK  [0m] Stopped A high performance web server and a reverse proxy server.
[[0;32m  OK  [0m] Stopped FUSE filesystem for LXC.
[[0;32m  OK  [0m] Stopped LSB: MD monitoring daemon.
[[0;32m  OK  [0m] Stopped LXD - container startup/shutdown.
[[0;32m  OK  [0m] Stopped Virtualbox guest utils.
[[0;32m  OK  [0m] Stopped LSB: Set the CPU Frequency Scaling governor to "ondemand".
[[0;32m  OK  [0m] Removed slice User Slice of vagrant.
[[0;32m  OK  [0m] Removed slice system-serial\x2dgetty.slice.
[[0;32m  OK  [0m] Removed slice system-getty.slice.
[[0;32m  OK  [0m] Stopped /etc/rc.local Compatibility.
         Stopping Permit User Sessions...
         Stopping Login Service...
[[0;32m  OK  [0m] Stopped LSB: automatic crash report generation.
[[0;32m  OK  [0m] Stopped LSB: Record successful boot for GRUB.
[[0;32m  OK  [0m] Stopped LSB: daemon to balance interrupts for SMP systems.
[[0;32m  OK  [0m] Stopped Permit User Sessions.
[[0;32m  OK  [0m] Stopped target Remote File Systems.
[[0;32m  OK  [0m] Stopped target Remote File Systems (Pre).
         Stopping Login to default iSCSI targets...
[[0;32m  OK  [0m] Stopped Login to default iSCSI targets.
         Stopping iSCSI initiator daemon (iscsid)...
[[0;32m  OK  [0m] Stopped Login Service.
[[0;32m  OK  [0m] Stopped iSCSI initiator daemon (iscsid).
[[0;32m  OK  [0m] Stopped target Network is Online.
[[0;32m  OK  [0m] Stopped target Network.
[[0;32m  OK  [0m] Stopped target User and Group Name Lookups.
[[0;32m  OK  [0m] Stopped target Basic System.
[[0;32m  OK  [0m] Stopped target Slices.
[[0;32m  OK  [0m] Removed slice User and Session Slice.
[[0;32m  OK  [0m] Stopped target Paths.
[[0;32m  OK  [0m] Stopped Forward Password Requests to Wall Directory Watch.
[[0;32m  OK  [0m] Stopped ACPI Events Check.
[[0;32m  OK  [0m] Stopped Dispatch Password Requests to Console Directory Watch.
[[0;32m  OK  [0m] Stopped target Sockets.
[[0;32m  OK  [0m] Closed Syslog Socket.
[[0;32m  OK  [0m] Closed D-Bus System Message Bus Socket.
[[0;32m  OK  [0m] Closed ACPID Listen Socket.
[[0;32m  OK  [0m] Closed UUID daemon activation socket.
[[0;32m  OK  [0m] Closed LXD - unix socket.
[[0;32m  OK  [0m] Closed Socket activation for snappy daemon.
[[0;32m  OK  [0m] Stopped target System Initialization.
[[0;32m  OK  [0m] Stopped target Encrypted Volumes.
         Stopping Update UTMP about System Boot/Shutdown...
         Stopping Load/Save Random Seed...
[[0;32m  OK  [0m] Stopped target Swap.
[[0;32m  OK  [0m] Stopped Initial cloud-init job (metadata service crawler).
         Stopping Raise network interfaces...
[[0;32m  OK  [0m] Stopped Load/Save Random Seed.
[[0;32m  OK  [0m] Stopped Update UTMP about System Boot/Shutdown.
[[0;32m  OK  [0m] Stopped Create Volatile Files and Directories.
[[0;32m  OK  [0m] Stopped Raise network interfaces.
[[0;32m  OK  [0m] Stopped target Network (Pre).
[[0;32m  OK  [0m] Stopped Initial cloud-init job (pre-networking).
[[0;32m  OK  [0m] Stopped Apply Kernel Variables.
[[0;32m  OK  [0m] Stopped Load Kernel Modules.
[[0;32m  OK  [0m] Stopped target Local File Systems.
         Unmounting /run/user/1000...
         Unmounting /vagrant...
[[0;32m  OK  [0m] Unmounted /run/user/1000.
[[0;32m  OK  [0m] Unmounted /vagrant.
[[0;32m  OK  [0m] Reached target Unmount All Filesystems.
[[0;32m  OK  [0m] Stopped target Local File Systems (Pre).
         Stopping Monitoring of LVM2 mirrors... dmeventd or progress polling...
[[0;32m  OK  [0m] Stopped Create Static Device Nodes in /dev.
[[0;32m  OK  [0m] Stopped Remount Root and Kernel File Systems.
[[0;32m  OK  [0m] Reached target Shutdown.
[  307.571732] reboot: Power down
